{"uuid":"e5855ddf-dfd7-4e67-aa51-d07787bc47df","historyId":"a299785bea9e97c3d2574674e7b08161","fullName":"page.PolicyDictionaryPageTest.searchKeySuccess","labels":[{"name":"package","value":"page.PolicyDictionaryPageTest"},{"name":"testClass","value":"page.PolicyDictionaryPageTest"},{"name":"testMethod","value":"searchKeySuccess"},{"name":"parentSuite","value":"Default Suite"},{"name":"suite","value":"ShenBaoTong"},{"name":"subSuite","value":"page.PolicyDictionaryPageTest"},{"name":"host","value":"LAPTOP-ISBERBL9"},{"name":"thread","value":"10612@LAPTOP-ISBERBL9.main(1)"},{"name":"framework","value":"testng"},{"name":"language","value":"java"},{"name":"story","value":"政策词典"}],"links":[],"name":"searchKeySuccess","status":"skipped","statusDetails":{"known":false,"muted":false,"flaky":false,"message":"Expected condition failed: waiting for text ('政策词典') to be present in element found by By.xpath: //div[@class='search']/div/h1 (tried for 5 second(s) with 500 milliseconds interval)","trace":"org.openqa.selenium.TimeoutException: Expected condition failed: waiting for text ('政策词典') to be present in element found by By.xpath: //div[@class='search']/div/h1 (tried for 5 second(s) with 500 milliseconds interval)\r\n\tat org.openqa.selenium.support.ui.WebDriverWait.timeoutException(WebDriverWait.java:95)\r\n\tat org.openqa.selenium.support.ui.FluentWait.until(FluentWait.java:272)\r\n\tat conf.Method.waitText(Method.java:57)\r\n\tat page.PolicyDictionaryPage.enterPolicyDictionary(PolicyDictionaryPage.java:21)\r\n\tat page.PolicyDictionaryPageTest.beforeClass(PolicyDictionaryPageTest.java:24)\r\n\tat java.base/jdk.internal.reflect.NativeMethodAccessorImpl.invoke0(Native Method)\r\n\tat java.base/jdk.internal.reflect.NativeMethodAccessorImpl.invoke(NativeMethodAccessorImpl.java:77)\r\n\tat java.base/jdk.internal.reflect.DelegatingMethodAccessorImpl.invoke(DelegatingMethodAccessorImpl.java:43)\r\n\tat java.base/java.lang.reflect.Method.invoke(Method.java:568)\r\n\tat org.testng.internal.MethodInvocationHelper.invokeMethod(MethodInvocationHelper.java:104)\r\n\tat org.testng.internal.Invoker.invokeConfigurationMethod(Invoker.java:515)\r\n\tat org.testng.internal.Invoker.invokeConfigurations(Invoker.java:217)\r\n\tat org.testng.internal.Invoker.invokeConfigurations(Invoker.java:144)\r\n\tat org.testng.internal.TestMethodWorker.invokeBeforeClassMethods(TestMethodWorker.java:169)\r\n\tat org.testng.internal.TestMethodWorker.run(TestMethodWorker.java:108)\r\n\tat org.testng.TestRunner.privateRun(TestRunner.java:756)\r\n\tat org.testng.TestRunner.run(TestRunner.java:610)\r\n\tat org.testng.SuiteRunner.runTest(SuiteRunner.java:387)\r\n\tat org.testng.SuiteRunner.runSequentially(SuiteRunner.java:382)\r\n\tat org.testng.SuiteRunner.privateRun(SuiteRunner.java:340)\r\n\tat org.testng.SuiteRunner.run(SuiteRunner.java:289)\r\n\tat org.testng.SuiteRunnerWorker.runSuite(SuiteRunnerWorker.java:52)\r\n\tat org.testng.SuiteRunnerWorker.run(SuiteRunnerWorker.java:86)\r\n\tat org.testng.TestNG.runSuitesSequentially(TestNG.java:1293)\r\n\tat org.testng.TestNG.runSuitesLocally(TestNG.java:1218)\r\n\tat org.testng.TestNG.runSuites(TestNG.java:1133)\r\n\tat org.testng.TestNG.run(TestNG.java:1104)\r\n\tat com.intellij.rt.testng.IDEARemoteTestNG.run(IDEARemoteTestNG.java:66)\r\n\tat com.intellij.rt.testng.RemoteTestNGStarter.main(RemoteTestNGStarter.java:105)\r\nCaused by: org.openqa.selenium.NoSuchElementException: no such element: Unable to locate element: {\"method\":\"xpath\",\"selector\":\"//div[@class='search']/div/h1\"}\n  (Session info: chrome=124.0.6367.208)\nFor documentation on this error, please visit: https://www.seleniumhq.org/exceptions/no_such_element.html\nBuild info: version: '3.141.59', revision: 'e82be7d358', time: '2018-11-14T08:17:03'\nSystem info: host: 'LAPTOP-ISBERBL9', ip: '192.168.36.1', os.name: 'Windows 10', os.arch: 'amd64', os.version: '10.0', java.version: '17.0.8'\nDriver info: org.openqa.selenium.chrome.ChromeDriver\nCapabilities {acceptInsecureCerts: false, browserName: chrome, browserVersion: 124.0.6367.208, chrome: {chromedriverVersion: 124.0.6367.201 (46cf136d27d..., userDataDir: C:\\Users\\杨振威\\AppData\\Local\\...}, fedcm:accounts: true, goog:chromeOptions: {debuggerAddress: localhost:57503}, javascriptEnabled: true, networkConnectionEnabled: false, pageLoadStrategy: normal, platform: WINDOWS, platformName: WINDOWS, proxy: Proxy(), setWindowRect: true, strictFileInteractability: false, timeouts: {implicit: 0, pageLoad: 300000, script: 30000}, unhandledPromptBehavior: dismiss and notify, webauthn:extension:credBlob: true, webauthn:extension:largeBlob: true, webauthn:extension:minPinLength: true, webauthn:extension:prf: true, webauthn:virtualAuthenticators: true}\nSession ID: aa2ec12d1be725a9d680317ed1afc015\n*** Element info: {Using=xpath, value=//div[@class='search']/div/h1}\r\n\tat java.base/jdk.internal.reflect.NativeConstructorAccessorImpl.newInstance0(Native Method)\r\n\tat java.base/jdk.internal.reflect.NativeConstructorAccessorImpl.newInstance(NativeConstructorAccessorImpl.java:77)\r\n\tat java.base/jdk.internal.reflect.DelegatingConstructorAccessorImpl.newInstance(DelegatingConstructorAccessorImpl.java:45)\r\n\tat java.base/java.lang.reflect.Constructor.newInstanceWithCaller(Constructor.java:499)\r\n\tat java.base/java.lang.reflect.Constructor.newInstance(Constructor.java:480)\r\n\tat org.openqa.selenium.remote.http.W3CHttpResponseCodec.createException(W3CHttpResponseCodec.java:187)\r\n\tat org.openqa.selenium.remote.http.W3CHttpResponseCodec.decode(W3CHttpResponseCodec.java:122)\r\n\tat org.openqa.selenium.remote.http.W3CHttpResponseCodec.decode(W3CHttpResponseCodec.java:49)\r\n\tat org.openqa.selenium.remote.HttpCommandExecutor.execute(HttpCommandExecutor.java:158)\r\n\tat org.openqa.selenium.remote.service.DriverCommandExecutor.execute(DriverCommandExecutor.java:83)\r\n\tat org.openqa.selenium.remote.RemoteWebDriver.execute(RemoteWebDriver.java:552)\r\n\tat org.openqa.selenium.remote.RemoteWebDriver.findElement(RemoteWebDriver.java:323)\r\n\tat org.openqa.selenium.remote.RemoteWebDriver.findElementByXPath(RemoteWebDriver.java:428)\r\n\tat org.openqa.selenium.By$ByXPath.findElement(By.java:353)\r\n\tat org.openqa.selenium.remote.RemoteWebDriver.findElement(RemoteWebDriver.java:315)\r\n\tat org.openqa.selenium.support.ui.ExpectedConditions$13.apply(ExpectedConditions.java:382)\r\n\tat org.openqa.selenium.support.ui.ExpectedConditions$13.apply(ExpectedConditions.java:378)\r\n\tat org.openqa.selenium.support.ui.FluentWait.until(FluentWait.java:249)\r\n\t... 27 more\r\n"},"stage":"finished","description":"正常测试用例：搜索关键词成功","steps":[],"attachments":[],"parameters":[],"start":1716533105804,"stop":1716533105805}